<?xml version="1.0" encoding="UTF-8"?>
<testsuite name="co.com.techandsolve.aerotech.services.UsuarioServiceTest" tests="4" skipped="0" failures="0" errors="0" timestamp="2017-02-07T16:22:51" hostname="yosimarvalega" time="0.054">
  <properties/>
  <testcase name="debeAdicionarCliente" classname="co.com.techandsolve.aerotech.services.UsuarioServiceTest" time="0.039"/>
  <testcase name="noDebeAdicionarCliente" classname="co.com.techandsolve.aerotech.services.UsuarioServiceTest" time="0.001"/>
  <testcase name="debeRetornarUsuario" classname="co.com.techandsolve.aerotech.services.UsuarioServiceTest" time="0.001"/>
  <testcase name="noDebeRetornarUsuario" classname="co.com.techandsolve.aerotech.services.UsuarioServiceTest" time="0.008"/>
  <system-out><![CDATA[]]></system-out>
  <system-err><![CDATA[]]></system-err>
</testsuite>
