<?xml version="1.0" encoding="UTF-8"?>
<testsuite name="co.com.techandsolve.aerotech.utilidades.UtilidadesTest" tests="2" skipped="0" failures="0" errors="0" timestamp="2017-02-07T16:10:43" hostname="yosimarvalega" time="0.002">
  <properties/>
  <testcase name="debeEncriptarPassword" classname="co.com.techandsolve.aerotech.utilidades.UtilidadesTest" time="0.002"/>
  <testcase name="debeCalcularEdaddeUsuario" classname="co.com.techandsolve.aerotech.utilidades.UtilidadesTest" time="0.0"/>
  <system-out><![CDATA[]]></system-out>
  <system-err><![CDATA[]]></system-err>
</testsuite>
